<?xml version="1.0" encoding="UTF-8"?>
<robot generator="Robot 6.0.2 (Python 3.11.1 on win32)" generated="20231129 15:43:43.421" rpa="false" schemaversion="3">
<suite id="s1" name="Sample" source="C:\Users\vnaganur\PycharmProjects\robot_framework\2023\webAutomation\sample.robot">
<test id="s1-t1" name="First Test case" line="5">
<kw name="Log" library="BuiltIn">
<arg>basic test case</arg>
<doc>Logs the given message with the given level.</doc>
<msg timestamp="20231129 15:43:43.962" level="INFO">basic test case</msg>
<status status="PASS" starttime="20231129 15:43:43.961" endtime="20231129 15:43:43.962"/>
</kw>
<kw name="Open Browser" library="SeleniumLibrary">
<arg>https://1-thing.in/#/timesheet</arg>
<arg>firefox</arg>
<doc>Opens a new browser instance to the optional ``url``.</doc>
<msg timestamp="20231129 15:43:43.963" level="INFO">Opening browser 'firefox' to base url 'https://1-thing.in/#/timesheet'.</msg>
<status status="PASS" starttime="20231129 15:43:43.963" endtime="20231129 15:44:00.696"/>
</kw>
<status status="PASS" starttime="20231129 15:43:43.961" endtime="20231129 15:44:00.697"/>
</test>
<status status="PASS" starttime="20231129 15:43:43.425" endtime="20231129 15:44:00.700"/>
</suite>
<statistics>
<total>
<stat pass="1" fail="0" skip="0">All Tests</stat>
</total>
<tag>
</tag>
<suite>
<stat pass="1" fail="0" skip="0" id="s1" name="Sample">Sample</stat>
</suite>
</statistics>
<errors>
</errors>
</robot>
