<?xml version="1.0" encoding="UTF-8"?>
<robot generator="Robot 6.0.2 (Python 3.11.1 on win32)" generated="20240130 15:07:24.295" rpa="false" schemaversion="3">
<suite id="s1" name="Dropdownlist" source="C:\Users\vnaganur\PycharmProjects\robot_framework\2023\Dropdown_list\dropdownlist.robot">
<test id="s1-t1" name="example 1" line="5">
<kw name="Open Browser" library="SeleniumLibrary">
<arg>https://www.wikipedia.org/</arg>
<arg>edge</arg>
<doc>Opens a new browser instance to the optional ``url``.</doc>
<msg timestamp="20240130 15:07:24.577" level="INFO">Opening browser 'edge' to base url 'https://www.wikipedia.org/'.</msg>
<status status="PASS" starttime="20240130 15:07:24.577" endtime="20240130 15:07:28.161"/>
</kw>
<kw name="Wait Until Element Is Visible" library="SeleniumLibrary">
<arg>//*[@id="searchInput"]</arg>
<doc>Waits until the element ``locator`` is visible.</doc>
<status status="PASS" starttime="20240130 15:07:28.161" endtime="20240130 15:07:28.198"/>
</kw>
<kw name="Select From List By Index" library="SeleniumLibrary">
<arg>name:language</arg>
<arg>2</arg>
<doc>Selects options from selection list ``locator`` by ``indexes``.</doc>
<msg timestamp="20240130 15:07:28.202" level="INFO">Selecting options from selection list 'name:language' by index 2.</msg>
<status status="PASS" starttime="20240130 15:07:28.201" endtime="20240130 15:07:28.355"/>
</kw>
<kw name="Close Browser" library="SeleniumLibrary">
<doc>Closes the current browser.</doc>
<status status="PASS" starttime="20240130 15:07:28.360" endtime="20240130 15:07:30.654"/>
</kw>
<status status="PASS" starttime="20240130 15:07:24.577" endtime="20240130 15:07:30.654"/>
</test>
<status status="PASS" starttime="20240130 15:07:24.295" endtime="20240130 15:07:30.656"/>
</suite>
<statistics>
<total>
<stat pass="1" fail="0" skip="0">All Tests</stat>
</total>
<tag>
</tag>
<suite>
<stat pass="1" fail="0" skip="0" id="s1" name="Dropdownlist">Dropdownlist</stat>
</suite>
</statistics>
<errors>
</errors>
</robot>
