<?xml version="1.0" encoding="UTF-8"?>
<robot generator="Robot 6.0.2 (Python 3.11.1 on win32)" generated="20231020 16:54:11.106" rpa="false" schemaversion="3">
<suite id="s1" name="Sample" source="C:\Users\vnaganur\PycharmProjects\robot_framework\timesheet\sample.robot">
<test id="s1-t1" name="Access Website Without Login" line="5">
<kw name="Open Browser" library="SeleniumLibrary">
<arg>https://1-thing.in/#/timesheet</arg>
<arg>edge</arg>
<doc>Opens a new browser instance to the optional ``url``.</doc>
<msg timestamp="20231020 16:54:11.329" level="INFO">Opening browser 'edge' to base url 'https://1-thing.in/#/timesheet'.</msg>
<status status="PASS" starttime="20231020 16:54:11.329" endtime="20231020 16:54:21.839"/>
</kw>
<kw name="Set Selenium Implicit Wait" library="SeleniumLibrary">
<arg>10s</arg>
<doc>Sets the implicit wait value used by Selenium.</doc>
<status status="PASS" starttime="20231020 16:54:21.839" endtime="20231020 16:54:21.843"/>
</kw>
<status status="PASS" starttime="20231020 16:54:11.319" endtime="20231020 16:54:21.847"/>
</test>
<status status="PASS" starttime="20231020 16:54:11.106" endtime="20231020 16:54:21.847"/>
</suite>
<statistics>
<total>
<stat pass="1" fail="0" skip="0">All Tests</stat>
</total>
<tag>
</tag>
<suite>
<stat pass="1" fail="0" skip="0" id="s1" name="Sample">Sample</stat>
</suite>
</statistics>
<errors>
</errors>
</robot>
