<?xml version="1.0" encoding="UTF-8"?>
<robot generator="Robot 6.0.2 (Python 3.11.1 on win32)" generated="20231205 18:14:39.098" rpa="false" schemaversion="3">
<suite id="s1" name="Example" source="C:\Users\vnaganur\PycharmProjects\robot_framework\2023\webAutomation\Keyword\example.robot">
<test id="s1-t1" name="Test1" line="12">
<kw name="Log" library="BuiltIn">
<arg>${list}[0]</arg>
<doc>Logs the given message with the given level.</doc>
<msg timestamp="20231205 18:14:39.126" level="INFO">item1</msg>
<status status="PASS" starttime="20231205 18:14:39.126" endtime="20231205 18:14:39.126"/>
</kw>
<kw name="Log" library="BuiltIn">
<arg>${My_Dict}[name]</arg>
<doc>Logs the given message with the given level.</doc>
<msg timestamp="20231205 18:14:39.127" level="INFO">veena</msg>
<status status="PASS" starttime="20231205 18:14:39.127" endtime="20231205 18:14:39.127"/>
</kw>
<tag>demo</tag>
<tag>demo1</tag>
<status status="PASS" starttime="20231205 18:14:39.125" endtime="20231205 18:14:39.128"/>
</test>
<test id="s1-t2" name="Test2" line="17">
<kw name="enter usename">
<kw name="Log" library="BuiltIn">
<arg>${My_Dict}[name]</arg>
<doc>Logs the given message with the given level.</doc>
<msg timestamp="20231205 18:14:39.130" level="INFO">veena</msg>
<status status="PASS" starttime="20231205 18:14:39.130" endtime="20231205 18:14:39.130"/>
</kw>
<status status="PASS" starttime="20231205 18:14:39.129" endtime="20231205 18:14:39.130"/>
</kw>
<status status="PASS" starttime="20231205 18:14:39.129" endtime="20231205 18:14:39.131"/>
</test>
<status status="PASS" starttime="20231205 18:14:39.100" endtime="20231205 18:14:39.133"/>
</suite>
<statistics>
<total>
<stat pass="2" fail="0" skip="0">All Tests</stat>
</total>
<tag>
<stat pass="1" fail="0" skip="0">demo</stat>
<stat pass="1" fail="0" skip="0">demo1</stat>
</tag>
<suite>
<stat pass="2" fail="0" skip="0" id="s1" name="Example">Example</stat>
</suite>
</statistics>
<errors>
</errors>
</robot>
