<?xml version="1.0" encoding="UTF-8"?>
<robot generator="Robot 6.0.2 (Python 3.11.1 on win32)" generated="20231206 15:24:40.088" rpa="false" schemaversion="3">
<suite id="s1" name="Login page" source="C:\Users\vnaganur\PycharmProjects\robot_framework\2023\MobileAutomation\Tests\Login_page.robot">
<test id="s1-t1" name="Home Page" line="11">
<kw name="Open Application" library="AppiumLibrary">
<arg>http://127.0.0.1:4724/wd/hub</arg>
<arg>automationName=UiAutomator2</arg>
<arg>platformName=Android</arg>
<arg>deviceName=chef_sprout</arg>
<arg>appPackage=in.amazon.mShop.android.shopping</arg>
<arg>appActivity=com.amazon.mShop.android.home.PublicUrlActivity</arg>
<doc>Opens a new application to given Appium server.
Capabilities of appium server, Android and iOS,
Please check https://github.com/appium/appium/blob/master/docs/en/writing-running-appium/server-args.md
| *Option*            | *Man.* | *Description*     |
| remote_url          | Yes    | Appium server url |
| alias               | no     | alias             |
| strict_ssl          | No     | allows you to send commands to an invalid certificate host like a self-signed one. |</doc>
<status status="PASS" starttime="20231206 15:24:40.557" endtime="20231206 15:24:53.151"/>
</kw>
<kw name="Wait Until Element Is Visible" library="AppiumLibrary">
<arg>//android.widget.ImageView[@content-desc="Select English"]</arg>
<doc>Waits until element specified with `locator` is visible.</doc>
<msg timestamp="20231206 15:24:56.471" level="INFO">xpath criteria: //android.widget.ImageView[@content-desc="Select English"]
xpath criteria: //android.widget.ImageView[@content-desc="Select English"]
xpath criteria: //android.widget.ImageView[@content-desc="Select English"]
xpath criteria: //android.widget.ImageView[@content-desc="Select English"]</msg>
<status status="PASS" starttime="20231206 15:24:53.152" endtime="20231206 15:24:56.472"/>
</kw>
<kw name="Click Element" library="AppiumLibrary">
<arg>//android.widget.ImageView[@content-desc="Select English"]</arg>
<doc>Click element identified by `locator`.</doc>
<msg timestamp="20231206 15:24:56.476" level="INFO">Clicking element '//android.widget.ImageView[@content-desc="Select English"]'.</msg>
<msg timestamp="20231206 15:24:56.680" level="INFO">xpath criteria: //android.widget.ImageView[@content-desc="Select English"]</msg>
<status status="PASS" starttime="20231206 15:24:56.473" endtime="20231206 15:24:56.680"/>
</kw>
<kw name="Click Element" library="AppiumLibrary">
<arg>in.amazon.mShop.android.shopping:id/continue_button</arg>
<doc>Click element identified by `locator`.</doc>
<msg timestamp="20231206 15:24:56.683" level="INFO">Clicking element 'in.amazon.mShop.android.shopping:id/continue_button'.</msg>
<msg timestamp="20231206 15:24:57.332" level="INFO">criteria is in.amazon.mShop.android.shopping:id/continue_button</msg>
<status status="PASS" starttime="20231206 15:24:56.681" endtime="20231206 15:24:57.332"/>
</kw>
<status status="PASS" starttime="20231206 15:24:40.557" endtime="20231206 15:24:57.333"/>
</test>
<status status="PASS" starttime="20231206 15:24:40.089" endtime="20231206 15:24:57.336"/>
</suite>
<statistics>
<total>
<stat pass="1" fail="0" skip="0">All Tests</stat>
</total>
<tag>
</tag>
<suite>
<stat pass="1" fail="0" skip="0" id="s1" name="Login page">Login page</stat>
</suite>
</statistics>
<errors>
</errors>
</robot>
