<?xml version="1.0" encoding="UTF-8"?>
<robot generator="Robot 6.0.2 (Python 3.11.1 on win32)" generated="20231215 10:13:58.994" rpa="false" schemaversion="3">
<suite id="s1" name="For Loop" source="C:\Users\vnaganur\PycharmProjects\robot_framework\2023\conditionall_statement\for_loop.robot">
<test id="s1-t1" name="for loop" line="5">
<for flavor="IN RANGE">
<var>${i}</var>
<value>5</value>
<iter>
<var name="${i}">0</var>
<kw name="Log To Console" library="BuiltIn">
<arg>${i+1}</arg>
<doc>Logs the given message to the console.</doc>
<status status="PASS" starttime="20231215 10:13:59.030" endtime="20231215 10:13:59.031"/>
</kw>
<status status="PASS" starttime="20231215 10:13:59.030" endtime="20231215 10:13:59.031"/>
</iter>
<iter>
<var name="${i}">1</var>
<kw name="Log To Console" library="BuiltIn">
<arg>${i+1}</arg>
<doc>Logs the given message to the console.</doc>
<status status="PASS" starttime="20231215 10:13:59.031" endtime="20231215 10:13:59.032"/>
</kw>
<status status="PASS" starttime="20231215 10:13:59.031" endtime="20231215 10:13:59.032"/>
</iter>
<iter>
<var name="${i}">2</var>
<kw name="Log To Console" library="BuiltIn">
<arg>${i+1}</arg>
<doc>Logs the given message to the console.</doc>
<status status="PASS" starttime="20231215 10:13:59.032" endtime="20231215 10:13:59.033"/>
</kw>
<status status="PASS" starttime="20231215 10:13:59.032" endtime="20231215 10:13:59.033"/>
</iter>
<iter>
<var name="${i}">3</var>
<kw name="Log To Console" library="BuiltIn">
<arg>${i+1}</arg>
<doc>Logs the given message to the console.</doc>
<status status="PASS" starttime="20231215 10:13:59.033" endtime="20231215 10:13:59.034"/>
</kw>
<status status="PASS" starttime="20231215 10:13:59.033" endtime="20231215 10:13:59.034"/>
</iter>
<iter>
<var name="${i}">4</var>
<kw name="Log To Console" library="BuiltIn">
<arg>${i+1}</arg>
<doc>Logs the given message to the console.</doc>
<status status="PASS" starttime="20231215 10:13:59.034" endtime="20231215 10:13:59.035"/>
</kw>
<status status="PASS" starttime="20231215 10:13:59.034" endtime="20231215 10:13:59.035"/>
</iter>
<status status="PASS" starttime="20231215 10:13:59.030" endtime="20231215 10:13:59.035"/>
</for>
<status status="PASS" starttime="20231215 10:13:59.029" endtime="20231215 10:13:59.036"/>
</test>
<test id="s1-t2" name="for loop in range" line="10">
<for flavor="IN RANGE">
<var>${i}</var>
<value>1</value>
<value>10</value>
<value>2</value>
<iter>
<var name="${i}">1</var>
<kw name="Log To Console" library="BuiltIn">
<arg>${i}</arg>
<doc>Logs the given message to the console.</doc>
<status status="PASS" starttime="20231215 10:13:59.038" endtime="20231215 10:13:59.039"/>
</kw>
<status status="PASS" starttime="20231215 10:13:59.038" endtime="20231215 10:13:59.039"/>
</iter>
<iter>
<var name="${i}">3</var>
<kw name="Log To Console" library="BuiltIn">
<arg>${i}</arg>
<doc>Logs the given message to the console.</doc>
<status status="PASS" starttime="20231215 10:13:59.039" endtime="20231215 10:13:59.039"/>
</kw>
<status status="PASS" starttime="20231215 10:13:59.039" endtime="20231215 10:13:59.039"/>
</iter>
<iter>
<var name="${i}">5</var>
<kw name="Log To Console" library="BuiltIn">
<arg>${i}</arg>
<doc>Logs the given message to the console.</doc>
<status status="PASS" starttime="20231215 10:13:59.039" endtime="20231215 10:13:59.040"/>
</kw>
<status status="PASS" starttime="20231215 10:13:59.039" endtime="20231215 10:13:59.040"/>
</iter>
<iter>
<var name="${i}">7</var>
<kw name="Log To Console" library="BuiltIn">
<arg>${i}</arg>
<doc>Logs the given message to the console.</doc>
<status status="PASS" starttime="20231215 10:13:59.040" endtime="20231215 10:13:59.040"/>
</kw>
<status status="PASS" starttime="20231215 10:13:59.040" endtime="20231215 10:13:59.040"/>
</iter>
<iter>
<var name="${i}">9</var>
<kw name="Log To Console" library="BuiltIn">
<arg>${i}</arg>
<doc>Logs the given message to the console.</doc>
<status status="PASS" starttime="20231215 10:13:59.040" endtime="20231215 10:13:59.041"/>
</kw>
<status status="PASS" starttime="20231215 10:13:59.040" endtime="20231215 10:13:59.041"/>
</iter>
<status status="PASS" starttime="20231215 10:13:59.038" endtime="20231215 10:13:59.041"/>
</for>
<status status="PASS" starttime="20231215 10:13:59.038" endtime="20231215 10:13:59.042"/>
</test>
<test id="s1-t3" name="for loop in range and exit for loop" line="15">
<for flavor="IN RANGE">
<var>${i}</var>
<value>1</value>
<value>10</value>
<iter>
<var name="${i}">1</var>
<kw name="Log To Console" library="BuiltIn">
<arg>${i}</arg>
<doc>Logs the given message to the console.</doc>
<status status="PASS" starttime="20231215 10:13:59.044" endtime="20231215 10:13:59.044"/>
</kw>
<kw name="Exit For Loop If" library="BuiltIn">
<arg>${i}==5</arg>
<doc>Stops executing the enclosing FOR loop if the ``condition`` is true.</doc>
<status status="PASS" starttime="20231215 10:13:59.044" endtime="20231215 10:13:59.045"/>
</kw>
<status status="PASS" starttime="20231215 10:13:59.044" endtime="20231215 10:13:59.045"/>
</iter>
<iter>
<var name="${i}">2</var>
<kw name="Log To Console" library="BuiltIn">
<arg>${i}</arg>
<doc>Logs the given message to the console.</doc>
<status status="PASS" starttime="20231215 10:13:59.045" endtime="20231215 10:13:59.045"/>
</kw>
<kw name="Exit For Loop If" library="BuiltIn">
<arg>${i}==5</arg>
<doc>Stops executing the enclosing FOR loop if the ``condition`` is true.</doc>
<status status="PASS" starttime="20231215 10:13:59.045" endtime="20231215 10:13:59.045"/>
</kw>
<status status="PASS" starttime="20231215 10:13:59.045" endtime="20231215 10:13:59.045"/>
</iter>
<iter>
<var name="${i}">3</var>
<kw name="Log To Console" library="BuiltIn">
<arg>${i}</arg>
<doc>Logs the given message to the console.</doc>
<status status="PASS" starttime="20231215 10:13:59.045" endtime="20231215 10:13:59.046"/>
</kw>
<kw name="Exit For Loop If" library="BuiltIn">
<arg>${i}==5</arg>
<doc>Stops executing the enclosing FOR loop if the ``condition`` is true.</doc>
<status status="PASS" starttime="20231215 10:13:59.046" endtime="20231215 10:13:59.046"/>
</kw>
<status status="PASS" starttime="20231215 10:13:59.045" endtime="20231215 10:13:59.046"/>
</iter>
<iter>
<var name="${i}">4</var>
<kw name="Log To Console" library="BuiltIn">
<arg>${i}</arg>
<doc>Logs the given message to the console.</doc>
<status status="PASS" starttime="20231215 10:13:59.046" endtime="20231215 10:13:59.047"/>
</kw>
<kw name="Exit For Loop If" library="BuiltIn">
<arg>${i}==5</arg>
<doc>Stops executing the enclosing FOR loop if the ``condition`` is true.</doc>
<status status="PASS" starttime="20231215 10:13:59.047" endtime="20231215 10:13:59.047"/>
</kw>
<status status="PASS" starttime="20231215 10:13:59.046" endtime="20231215 10:13:59.047"/>
</iter>
<iter>
<var name="${i}">5</var>
<kw name="Log To Console" library="BuiltIn">
<arg>${i}</arg>
<doc>Logs the given message to the console.</doc>
<status status="PASS" starttime="20231215 10:13:59.047" endtime="20231215 10:13:59.048"/>
</kw>
<kw name="Exit For Loop If" library="BuiltIn">
<arg>${i}==5</arg>
<doc>Stops executing the enclosing FOR loop if the ``condition`` is true.</doc>
<msg timestamp="20231215 10:13:59.048" level="INFO">Exiting for loop altogether.</msg>
<status status="PASS" starttime="20231215 10:13:59.048" endtime="20231215 10:13:59.048"/>
</kw>
<status status="PASS" starttime="20231215 10:13:59.047" endtime="20231215 10:13:59.048"/>
</iter>
<status status="PASS" starttime="20231215 10:13:59.044" endtime="20231215 10:13:59.048"/>
</for>
<status status="PASS" starttime="20231215 10:13:59.043" endtime="20231215 10:13:59.049"/>
</test>
<test id="s1-t4" name="for loop with list item" line="20">
<for flavor="IN">
<var>${i}</var>
<value>@{list}</value>
<iter>
<var name="${i}">item1</var>
<kw name="Log To Console" library="BuiltIn">
<arg>${i}</arg>
<doc>Logs the given message to the console.</doc>
<status status="PASS" starttime="20231215 10:13:59.052" endtime="20231215 10:13:59.052"/>
</kw>
<kw name="Exit For Loop If" library="BuiltIn">
<arg>'${i}' == 'item2'</arg>
<doc>Stops executing the enclosing FOR loop if the ``condition`` is true.</doc>
<status status="PASS" starttime="20231215 10:13:59.052" endtime="20231215 10:13:59.052"/>
</kw>
<status status="PASS" starttime="20231215 10:13:59.051" endtime="20231215 10:13:59.052"/>
</iter>
<iter>
<var name="${i}">item2</var>
<kw name="Log To Console" library="BuiltIn">
<arg>${i}</arg>
<doc>Logs the given message to the console.</doc>
<status status="PASS" starttime="20231215 10:13:59.052" endtime="20231215 10:13:59.053"/>
</kw>
<kw name="Exit For Loop If" library="BuiltIn">
<arg>'${i}' == 'item2'</arg>
<doc>Stops executing the enclosing FOR loop if the ``condition`` is true.</doc>
<msg timestamp="20231215 10:13:59.053" level="INFO">Exiting for loop altogether.</msg>
<status status="PASS" starttime="20231215 10:13:59.053" endtime="20231215 10:13:59.053"/>
</kw>
<status status="PASS" starttime="20231215 10:13:59.052" endtime="20231215 10:13:59.053"/>
</iter>
<status status="PASS" starttime="20231215 10:13:59.051" endtime="20231215 10:13:59.053"/>
</for>
<status status="PASS" starttime="20231215 10:13:59.051" endtime="20231215 10:13:59.054"/>
</test>
<status status="PASS" starttime="20231215 10:13:58.996" endtime="20231215 10:13:59.055"/>
</suite>
<statistics>
<total>
<stat pass="4" fail="0" skip="0">All Tests</stat>
</total>
<tag>
</tag>
<suite>
<stat pass="4" fail="0" skip="0" id="s1" name="For Loop">For Loop</stat>
</suite>
</statistics>
<errors>
</errors>
</robot>
